2023-12-13 02:06:44,903 :: INFO :: Start experiment: iot2023oulu11-387666
2023-12-13 02:06:44,907 :: INFO :: Control node : Starting of control node serial interface
2023-12-13 02:06:44,910 :: INFO :: Control node : reset
2023-12-13 02:06:44,913 :: INFO :: Reset Control Node
2023-12-13 02:06:47,707 :: INFO :: Control node : start power of open node
2023-12-13 02:06:47,725 :: INFO :: Node OpenOCD: Setup of openocd node
2023-12-13 02:06:50,739 :: INFO :: Node OpenOCD: flash of openocd node
2023-12-13 02:06:50,744 :: INFO :: Flash firmware on OpenOCD: /tmp/tmpquijd24j--0efd149f62697380f6ae2197b82a66a8_gcoap_api.elf
2023-12-13 02:06:57,077 :: INFO :: Control node : Start experiment
2023-12-13 02:06:57,148 :: INFO :: Control Node set time delay: 7601 us
2023-12-13 02:06:57,180 :: INFO :: Control node : profile configuration
2023-12-13 02:06:57,183 :: INFO :: Configure profile on Control Node
2023-12-13 02:06:57,250 :: INFO :: Start experiment succeeded
2023-12-13 02:49:44,517 :: INFO :: Check 'control' node ftdi
2023-12-13 02:49:44,596 :: INFO :: control node ftdi found
2023-12-13 02:49:44,601 :: INFO :: Check 'm3' node ftdi
2023-12-13 02:49:44,669 :: INFO :: m3 node ftdi found
2023-12-13 03:07:01,542 :: INFO :: Gateway Manager : Stop experiment
2023-12-13 03:07:01,549 :: INFO :: Stop experiment
2023-12-13 03:07:01,553 :: INFO :: Control node : stop of the experiment
2023-12-13 03:07:01,558 :: INFO :: Control node : profile configuration
2023-12-13 03:07:01,561 :: INFO :: Configure profile on Control Node
2023-12-13 03:07:01,613 :: INFO :: Control node : start power of open node
2023-12-13 03:07:01,644 :: INFO :: Node OpenOCD: teardown of openocd node
2023-12-13 03:07:04,659 :: INFO :: openocd node debugger stop
2023-12-13 03:07:05,280 :: INFO :: Node OpenOCD: flash of openocd node
2023-12-13 03:07:05,283 :: INFO :: Flash firmware on OpenOCD: /usr/lib/python3.8/site-packages/gateway_code/static/m3_idle.elf
2023-12-13 03:07:07,429 :: INFO :: Control node : Stop control node serial interface
2023-12-13 03:07:07,433 :: INFO :: Control node : stop power of open node
2023-12-13 03:07:07,473 :: INFO :: Control node : reset
2023-12-13 03:07:07,477 :: INFO :: Reset Control Node
2023-12-13 03:07:10,216 :: INFO :: Stop experiment succeeded
