2023-12-15 20:17:25,135 :: INFO :: Start experiment: iot2023oulu11-388027
2023-12-15 20:17:25,139 :: INFO :: Control node : Starting of control node serial interface
2023-12-15 20:17:25,142 :: INFO :: Control node : reset
2023-12-15 20:17:25,145 :: INFO :: Reset Control Node
2023-12-15 20:17:27,942 :: INFO :: Control node : start power of open node
2023-12-15 20:17:27,958 :: INFO :: Node OpenOCD: Setup of openocd node
2023-12-15 20:17:30,973 :: INFO :: Node OpenOCD: flash of openocd node
2023-12-15 20:17:30,978 :: INFO :: Flash firmware on OpenOCD: /tmp/tmphnfzcksk--3c3485652fafb5ec59d91c2831ad09d8_gnrc_border_router.elf
2023-12-15 20:17:37,769 :: INFO :: Control node : Start experiment
2023-12-15 20:17:37,830 :: INFO :: Control Node set time delay: 1370 us
2023-12-15 20:17:37,872 :: INFO :: Control node : profile configuration
2023-12-15 20:17:37,875 :: INFO :: Configure profile on Control Node
2023-12-15 20:17:37,947 :: INFO :: Start experiment succeeded
2023-12-15 21:17:42,247 :: INFO :: Gateway Manager : Stop experiment
2023-12-15 21:17:42,254 :: INFO :: Stop experiment
2023-12-15 21:17:42,258 :: INFO :: Control node : stop of the experiment
2023-12-15 21:17:42,263 :: INFO :: Control node : profile configuration
2023-12-15 21:17:42,267 :: INFO :: Configure profile on Control Node
2023-12-15 21:17:42,315 :: INFO :: Control node : start power of open node
2023-12-15 21:17:42,347 :: INFO :: Node OpenOCD: teardown of openocd node
2023-12-15 21:17:45,361 :: INFO :: openocd node debugger stop
2023-12-15 21:17:45,982 :: INFO :: Node OpenOCD: flash of openocd node
2023-12-15 21:17:45,985 :: INFO :: Flash firmware on OpenOCD: /usr/lib/python3.8/site-packages/gateway_code/static/m3_idle.elf
2023-12-15 21:17:48,133 :: INFO :: Control node : Stop control node serial interface
2023-12-15 21:17:48,138 :: INFO :: Control node : stop power of open node
2023-12-15 21:17:48,175 :: INFO :: Control node : reset
2023-12-15 21:17:48,178 :: INFO :: Reset Control Node
2023-12-15 21:17:50,919 :: INFO :: Stop experiment succeeded
