2023-12-16 12:57:34,601 :: INFO :: Start experiment: iot2023oulu11-388086
2023-12-16 12:57:34,605 :: INFO :: Control node : Starting of control node serial interface
2023-12-16 12:57:34,608 :: INFO :: Control node : reset
2023-12-16 12:57:34,611 :: INFO :: Reset Control Node
2023-12-16 12:57:37,405 :: INFO :: Control node : start power of open node
2023-12-16 12:57:37,423 :: INFO :: Node OpenOCD: Setup of openocd node
2023-12-16 12:57:40,437 :: INFO :: Node OpenOCD: flash of openocd node
2023-12-16 12:57:40,443 :: INFO :: Flash firmware on OpenOCD: /tmp/tmp51tb2m_x--dbd120f53f13f992663637aa246a7077_gnrc_networking.elf
2023-12-16 12:57:47,384 :: INFO :: Control node : Start experiment
2023-12-16 12:57:47,469 :: INFO :: Control Node set time delay: 17001 us
2023-12-16 12:57:47,488 :: INFO :: Control node : profile configuration
2023-12-16 12:57:47,492 :: INFO :: Configure profile on Control Node
2023-12-16 12:57:47,555 :: INFO :: Start experiment succeeded
2023-12-16 13:57:51,846 :: INFO :: Gateway Manager : Stop experiment
2023-12-16 13:57:51,857 :: INFO :: Stop experiment
2023-12-16 13:57:51,862 :: INFO :: Control node : stop of the experiment
2023-12-16 13:57:51,867 :: INFO :: Control node : profile configuration
2023-12-16 13:57:51,870 :: INFO :: Configure profile on Control Node
2023-12-16 13:57:51,928 :: INFO :: Control node : start power of open node
2023-12-16 13:57:51,960 :: INFO :: Node OpenOCD: teardown of openocd node
2023-12-16 13:57:54,974 :: INFO :: openocd node debugger stop
2023-12-16 13:57:55,595 :: INFO :: Node OpenOCD: flash of openocd node
2023-12-16 13:57:55,598 :: INFO :: Flash firmware on OpenOCD: /usr/lib/python3.8/site-packages/gateway_code/static/m3_idle.elf
2023-12-16 13:57:57,745 :: INFO :: Control node : Stop control node serial interface
2023-12-16 13:57:57,749 :: INFO :: Control node : stop power of open node
2023-12-16 13:57:57,787 :: INFO :: Control node : reset
2023-12-16 13:57:57,791 :: INFO :: Reset Control Node
2023-12-16 13:58:00,530 :: INFO :: Stop experiment succeeded
