2023-11-14 22:35:29,218 :: INFO :: Start experiment: iot2023oulu11-383657
2023-11-14 22:35:29,222 :: INFO :: Control node : Starting of control node serial interface
2023-11-14 22:35:29,225 :: INFO :: Control node : reset
2023-11-14 22:35:29,228 :: INFO :: Reset Control Node
2023-11-14 22:35:32,025 :: INFO :: Control node : start power of open node
2023-11-14 22:35:32,043 :: INFO :: Node OpenOCD: Setup of openocd node
2023-11-14 22:35:35,057 :: INFO :: Node OpenOCD: flash of openocd node
2023-11-14 22:35:35,062 :: INFO :: Flash firmware on OpenOCD: /usr/lib/python3.8/site-packages/gateway_code/static/m3_idle.elf
2023-11-14 22:35:37,214 :: INFO :: Control node : Start experiment
2023-11-14 22:35:37,301 :: INFO :: Control Node set time delay: 16422 us
2023-11-14 22:35:37,323 :: INFO :: Control node : profile configuration
2023-11-14 22:35:37,326 :: INFO :: Configure profile on Control Node
2023-11-14 22:35:37,391 :: INFO :: Start experiment succeeded
2023-11-14 22:55:41,626 :: INFO :: Gateway Manager : Stop experiment
2023-11-14 22:55:41,633 :: INFO :: Stop experiment
2023-11-14 22:55:41,636 :: INFO :: Control node : stop of the experiment
2023-11-14 22:55:41,641 :: INFO :: Control node : profile configuration
2023-11-14 22:55:41,644 :: INFO :: Configure profile on Control Node
2023-11-14 22:55:41,698 :: INFO :: Control node : start power of open node
2023-11-14 22:55:41,730 :: INFO :: Node OpenOCD: teardown of openocd node
2023-11-14 22:55:44,744 :: INFO :: openocd node debugger stop
2023-11-14 22:55:45,364 :: INFO :: Node OpenOCD: flash of openocd node
2023-11-14 22:55:45,368 :: INFO :: Flash firmware on OpenOCD: /usr/lib/python3.8/site-packages/gateway_code/static/m3_idle.elf
2023-11-14 22:55:47,513 :: INFO :: Control node : Stop control node serial interface
2023-11-14 22:55:47,518 :: INFO :: Control node : stop power of open node
2023-11-14 22:55:47,558 :: INFO :: Control node : reset
2023-11-14 22:55:47,561 :: INFO :: Reset Control Node
2023-11-14 22:55:50,301 :: INFO :: Stop experiment succeeded
