2023-12-13 00:25:03,620 :: INFO :: Start experiment: iot2023oulu11-387660
2023-12-13 00:25:03,624 :: INFO :: Control node : Starting of control node serial interface
2023-12-13 00:25:03,627 :: INFO :: Control node : reset
2023-12-13 00:25:03,630 :: INFO :: Reset Control Node
2023-12-13 00:25:06,427 :: INFO :: Control node : start power of open node
2023-12-13 00:25:06,444 :: INFO :: Node OpenOCD: Setup of openocd node
2023-12-13 00:25:09,459 :: INFO :: Node OpenOCD: flash of openocd node
2023-12-13 00:25:09,464 :: INFO :: Flash firmware on OpenOCD: /usr/lib/python3.8/site-packages/gateway_code/static/m3_idle.elf
2023-12-13 00:25:11,616 :: INFO :: Control node : Start experiment
2023-12-13 00:25:11,676 :: INFO :: Control Node set time delay: 6001 us
2023-12-13 00:25:11,712 :: INFO :: Control node : profile configuration
2023-12-13 00:25:11,716 :: INFO :: Configure profile on Control Node
2023-12-13 00:25:11,777 :: INFO :: Start experiment succeeded
2023-12-13 00:25:28,096 :: INFO :: Gateway Manager : Stop experiment
2023-12-13 00:25:28,102 :: INFO :: Stop experiment
2023-12-13 00:25:28,105 :: INFO :: Control node : stop of the experiment
2023-12-13 00:25:28,110 :: INFO :: Control node : profile configuration
2023-12-13 00:25:28,113 :: INFO :: Configure profile on Control Node
2023-12-13 00:25:28,170 :: INFO :: Control node : start power of open node
2023-12-13 00:25:28,202 :: INFO :: Node OpenOCD: teardown of openocd node
2023-12-13 00:25:31,216 :: INFO :: openocd node debugger stop
2023-12-13 00:25:31,837 :: INFO :: Node OpenOCD: flash of openocd node
2023-12-13 00:25:31,840 :: INFO :: Flash firmware on OpenOCD: /usr/lib/python3.8/site-packages/gateway_code/static/m3_idle.elf
2023-12-13 00:25:33,981 :: INFO :: Control node : Stop control node serial interface
2023-12-13 00:25:33,986 :: INFO :: Control node : stop power of open node
2023-12-13 00:25:34,028 :: INFO :: Control node : reset
2023-12-13 00:25:34,032 :: INFO :: Reset Control Node
2023-12-13 00:25:36,770 :: INFO :: Stop experiment succeeded
